# project qctool (2.0.7) configured on Tue Mar  3 09:18:32 2020 by
# waf 1.5.18 (abi 7, python 20710f0 on linux2)
# using ./waf-1.5.18 configure
#

----------------------------------------
Setting blddir to
/home/rgomez/20200227_RealRecombination/scripts/qctool/build

----------------------------------------
Checking for program g++ or c++
  find program=['g++', 'c++'] paths=[] var='CXX'
  -> '/usr/lib64/ccache/g++'

----------------------------------------
Checking for program cpp
  find program=['cpp'] paths=[] var='CPP'
  -> '/usr/bin/cpp'

----------------------------------------
Checking for program ar
  find program=['ar'] paths=[] var='AR'
  -> '/usr/bin/ar'

----------------------------------------
Checking for program ranlib
  find program=['ranlib'] paths=[] var='RANLIB'
  -> '/usr/bin/ranlib'

----------------------------------------
Checking for g++ 
ok 

----------------------------------------
Checking for program gcc or cc
  find program=['gcc', 'cc'] paths=[] var='CC'
  -> '/usr/lib64/ccache/gcc'

----------------------------------------
Checking for gcc 
ok 

----------------------------------------
Checking for compiler flags -std=c++11
==>

int main() {
	return 0;
}

<==
[1/2] [32mcxx: build/.conf_check_0/test.cpp -> build/.conf_check_0/testbuild/default/test_1.o
[0m['/usr/lib64/ccache/g++', '-std=c++11', '../test.cpp', '-c', '-o', 'default/test_1.o']
[2/2] [33mcxx_link: build/.conf_check_0/testbuild/default/test_1.o -> build/.conf_check_0/testbuild/default/testprog
[0m['/usr/lib64/ccache/g++', 'default/test_1.o', '-o', '/home/rgomez/20200227_RealRecombination/scripts/qctool/build/.conf_check_0/testbuild/default/testprog']
yes

----------------------------------------
Checking for library cblas
==>
#include "cblas.h"
int main() {
	float v[10] ;
	float result = cblas_snrm2( 1, v, 1 ) ;
	return int(result) ;
}

<==
[1/2] [32mcxx: build/.conf_check_0/test.cpp -> build/.conf_check_0/testbuild/default/test_1.o
[0m../test.cpp:1:19: fatal error: cblas.h: No such file or directory
 #include "cblas.h"
                   ^
compilation terminated.
['/usr/lib64/ccache/g++', '../test.cpp', '-c', '-o', 'default/test_1.o']
command returned 'Build failed:  -> task failed (err #1): \n\t{task: cxx test.cpp -> test_1.o}'no

----------------------------------------
Checking for library blas
==>
#include "cblas.h"
int main() {
	float v[10] ;
	float result = cblas_snrm2( 1, v, 1 ) ;
	return int(result) ;
}

<==
[1/2] [32mcxx: build/.conf_check_0/test.cpp -> build/.conf_check_0/testbuild/default/test_1.o
[0m../test.cpp:1:19: fatal error: cblas.h: No such file or directory
 #include "cblas.h"
                   ^
compilation terminated.
['/usr/lib64/ccache/g++', '../test.cpp', '-c', '-o', 'default/test_1.o']
command returned 'Build failed:  -> task failed (err #1): \n\t{task: cxx test.cpp -> test_1.o}'no

----------------------------------------
Checking for library openblas
==>
#include "cblas.h"
int main() {
	float v[10] ;
	float result = cblas_snrm2( 1, v, 1 ) ;
	return int(result) ;
}

<==
[1/2] [32mcxx: build/.conf_check_0/test.cpp -> build/.conf_check_0/testbuild/default/test_1.o
[0m../test.cpp:1:19: fatal error: cblas.h: No such file or directory
 #include "cblas.h"
                   ^
compilation terminated.
['/usr/lib64/ccache/g++', '../test.cpp', '-c', '-o', 'default/test_1.o']
command returned 'Build failed:  -> task failed (err #1): \n\t{task: cxx test.cpp -> test_1.o}'no

----------------------------------------
Checking for library lapack
==>

int main() {
	return 0;
}

<==
[1/2] [32mcxx: build/.conf_check_0/test.cpp -> build/.conf_check_0/testbuild/default/test_1.o
[0m['/usr/lib64/ccache/g++', '../test.cpp', '-c', '-o', 'default/test_1.o']
[2/2] [33mcxx_link: build/.conf_check_0/testbuild/default/test_1.o -> build/.conf_check_0/testbuild/default/testprog
[0m/usr/bin/ld: cannot find -llapack
collect2: error: ld returned 1 exit status
['/usr/lib64/ccache/g++', 'default/test_1.o', '-o', '/home/rgomez/20200227_RealRecombination/scripts/qctool/build/.conf_check_0/testbuild/default/testprog', '-Wl,-Bdynamic', '-llapack']
command returned 'Build failed:  -> task failed (err #1): \n\t{task: cxx_link test_1.o -> testprog}'not found

----------------------------------------
Checking for header sys/time.h
==>
#include "sys/time.h"
int main(int argc, char** argv ) { struct timeval current_time ; gettimeofday( &current_time, 0 ) ; return 0 ; }
<==
[1/2] [32mcxx: build/.conf_check_0/test.cpp -> build/.conf_check_0/testbuild/default/test_1.o
[0m['/usr/lib64/ccache/g++', '../test.cpp', '-c', '-o', 'default/test_1.o']
[2/2] [33mcxx_link: build/.conf_check_0/testbuild/default/test_1.o -> build/.conf_check_0/testbuild/default/testprog
[0m['/usr/lib64/ccache/g++', 'default/test_1.o', '-o', '/home/rgomez/20200227_RealRecombination/scripts/qctool/build/.conf_check_0/testbuild/default/testprog']
yes

----------------------------------------
Checking for static library z
==>

int main() {
	return 0;
}

<==
[1/2] [32mcxx: build/.conf_check_0/test.cpp -> build/.conf_check_0/testbuild/default/test_1.o
[0m['/usr/lib64/ccache/g++', '../test.cpp', '-c', '-o', 'default/test_1.o']
[2/2] [33mcxx_link: build/.conf_check_0/testbuild/default/test_1.o -> build/.conf_check_0/testbuild/default/testprog
[0m/usr/bin/ld: cannot find -lz
collect2: error: ld returned 1 exit status
['/usr/lib64/ccache/g++', 'default/test_1.o', '-o', '/home/rgomez/20200227_RealRecombination/scripts/qctool/build/.conf_check_0/testbuild/default/testprog', '-Wl,-Bstatic', '-lz', '-Wl,-Bdynamic']
command returned 'Build failed:  -> task failed (err #1): \n\t{task: cxx_link test_1.o -> testprog}'not found

----------------------------------------
Checking for library z
==>

int main() {
	return 0;
}

<==
[1/2] [32mcxx: build/.conf_check_0/test.cpp -> build/.conf_check_0/testbuild/default/test_1.o
[0m['/usr/lib64/ccache/g++', '../test.cpp', '-c', '-o', 'default/test_1.o']
[2/2] [33mcxx_link: build/.conf_check_0/testbuild/default/test_1.o -> build/.conf_check_0/testbuild/default/testprog
[0m['/usr/lib64/ccache/g++', 'default/test_1.o', '-o', '/home/rgomez/20200227_RealRecombination/scripts/qctool/build/.conf_check_0/testbuild/default/testprog', '-Wl,-Bdynamic', '-lz']
yes

----------------------------------------
Checking for library dl
==>

int main() {
	return 0;
}

<==
[1/2] [32mcxx: build/.conf_check_0/test.cpp -> build/.conf_check_0/testbuild/default/test_1.o
[0m['/usr/lib64/ccache/g++', '../test.cpp', '-c', '-o', 'default/test_1.o']
[2/2] [33mcxx_link: build/.conf_check_0/testbuild/default/test_1.o -> build/.conf_check_0/testbuild/default/testprog
[0m['/usr/lib64/ccache/g++', 'default/test_1.o', '-o', '/home/rgomez/20200227_RealRecombination/scripts/qctool/build/.conf_check_0/testbuild/default/testprog', '-Wl,-Bdynamic', '-ldl']
yes

----------------------------------------
Checking for library rt
==>

int main() {
	return 0;
}

<==
[1/2] [32mcxx: build/.conf_check_0/test.cpp -> build/.conf_check_0/testbuild/default/test_1.o
[0m['/usr/lib64/ccache/g++', '../test.cpp', '-c', '-o', 'default/test_1.o']
[2/2] [33mcxx_link: build/.conf_check_0/testbuild/default/test_1.o -> build/.conf_check_0/testbuild/default/testprog
[0m['/usr/lib64/ccache/g++', 'default/test_1.o', '-o', '/home/rgomez/20200227_RealRecombination/scripts/qctool/build/.conf_check_0/testbuild/default/testprog', '-Wl,-Bdynamic', '-lrt']
yes

----------------------------------------
Checking for library m
==>

int main() {
	return 0;
}

<==
[1/2] [32mcxx: build/.conf_check_0/test.cpp -> build/.conf_check_0/testbuild/default/test_1.o
[0m['/usr/lib64/ccache/g++', '../test.cpp', '-c', '-o', 'default/test_1.o']
[2/2] [33mcxx_link: build/.conf_check_0/testbuild/default/test_1.o -> build/.conf_check_0/testbuild/default/testprog
[0m['/usr/lib64/ccache/g++', 'default/test_1.o', '-o', '/home/rgomez/20200227_RealRecombination/scripts/qctool/build/.conf_check_0/testbuild/default/testprog', '-Wl,-Bdynamic', '-lm']
yes

----------------------------------------
Checking for library pthread
==>

int main() {
	return 0;
}

<==
[1/2] [32mcxx: build/.conf_check_0/test.cpp -> build/.conf_check_0/testbuild/default/test_1.o
[0m['/usr/lib64/ccache/g++', '../test.cpp', '-c', '-o', 'default/test_1.o']
[2/2] [33mcxx_link: build/.conf_check_0/testbuild/default/test_1.o -> build/.conf_check_0/testbuild/default/testprog
[0m['/usr/lib64/ccache/g++', 'default/test_1.o', '-o', '/home/rgomez/20200227_RealRecombination/scripts/qctool/build/.conf_check_0/testbuild/default/testprog', '-Wl,-Bdynamic', '-lpthread']
yes

----------------------------------------
Checking for library readline
==>

int main() {
	return 0;
}

<==
[1/2] [32mcc: build/.conf_check_0/test.c -> build/.conf_check_0/testbuild/default/test_1.o
[0m['/usr/lib64/ccache/gcc', '../test.c', '-c', '-o', 'default/test_1.o']
[2/2] [33mcc_link: build/.conf_check_0/testbuild/default/test_1.o -> build/.conf_check_0/testbuild/default/testprog
[0m['/usr/lib64/ccache/gcc', 'default/test_1.o', '-o', '/home/rgomez/20200227_RealRecombination/scripts/qctool/build/.conf_check_0/testbuild/default/testprog', '-Wl,-Bdynamic', '-lreadline']
yes
